[2022-08-10 17:25:14] - Starting LogbackSaveLogApplication using Java 17 on Confluxsyss-Mac-mini-3.local with PID 12139 (/Users/confluxsys/work/Practice/SarveshProject/LogbackSaveLog/target/classes started by confluxsys in /Users/confluxsys/work/Practice/SarveshProject/LogbackSaveLog)
[2022-08-10 17:25:14] - No active profile set, falling back to 1 default profile: "default"
[2022-08-10 17:25:16] - Tomcat initialized with port(s): 8080 (http)
[2022-08-10 17:25:16] - Initializing ProtocolHandler ["http-nio-8080"]
[2022-08-10 17:25:16] - Starting service [Tomcat]
[2022-08-10 17:25:16] - Starting Servlet engine: [Apache Tomcat/9.0.65]
[2022-08-10 17:25:16] - Initializing Spring embedded WebApplicationContext
[2022-08-10 17:25:16] - Root WebApplicationContext: initialization completed in 1336 ms
[2022-08-10 17:25:16] - Starting ProtocolHandler ["http-nio-8080"]
[2022-08-10 17:25:16] - Tomcat started on port(s): 8080 (http) with context path ''
[2022-08-10 17:25:16] - Started LogbackSaveLogApplication in 8.853 seconds (JVM running for 10.976)
[2022-08-10 17:53:02] - Initializing Spring DispatcherServlet 'dispatcherServlet'
[2022-08-10 17:53:02] - Initializing Servlet 'dispatcherServlet'
[2022-08-10 17:53:02] - Completed initialization in 7 ms
[2022-08-10 17:53:02] - This is sample info message
[2022-08-10 17:53:02] - This is sample warn message
[2022-08-10 17:53:02] - This is sample error message
[2022-08-10 17:53:02] - hello from logback [1, 2, 3, 4, 5]
[2022-08-10 17:53:02] - This is a error message 
java.lang.Exception: Testing
	at com.example.LogbackSaveLog.LogbackSaveLogApplication.hello(LogbackSaveLogApplication.java:36)
	at java.base/jdk.internal.reflect.NativeMethodAccessorImpl.invoke0(Native Method)
	at java.base/jdk.internal.reflect.NativeMethodAccessorImpl.invoke(NativeMethodAccessorImpl.java:77)
	at java.base/jdk.internal.reflect.DelegatingMethodAccessorImpl.invoke(DelegatingMethodAccessorImpl.java:43)
	at java.base/java.lang.reflect.Method.invoke(Method.java:568)
	at org.springframework.web.method.support.InvocableHandlerMethod.doInvoke(InvocableHandlerMethod.java:205)
	at org.springframework.web.method.support.InvocableHandlerMethod.invokeForRequest(InvocableHandlerMethod.java:150)
	at org.springframework.web.servlet.mvc.method.annotation.ServletInvocableHandlerMethod.invokeAndHandle(ServletInvocableHandlerMethod.java:117)
	at org.springframework.web.servlet.mvc.method.annotation.RequestMappingHandlerAdapter.invokeHandlerMethod(RequestMappingHandlerAdapter.java:895)
	at org.springframework.web.servlet.mvc.method.annotation.RequestMappingHandlerAdapter.handleInternal(RequestMappingHandlerAdapter.java:808)
	at org.springframework.web.servlet.mvc.method.AbstractHandlerMethodAdapter.handle(AbstractHandlerMethodAdapter.java:87)
	at org.springframework.web.servlet.DispatcherServlet.doDispatch(DispatcherServlet.java:1070)
	at org.springframework.web.servlet.DispatcherServlet.doService(DispatcherServlet.java:963)
	at org.springframework.web.servlet.FrameworkServlet.processRequest(FrameworkServlet.java:1006)
	at org.springframework.web.servlet.FrameworkServlet.doGet(FrameworkServlet.java:898)
	at javax.servlet.http.HttpServlet.service(HttpServlet.java:655)
	at org.springframework.web.servlet.FrameworkServlet.service(FrameworkServlet.java:883)
	at javax.servlet.http.HttpServlet.service(HttpServlet.java:764)
	at org.apache.catalina.core.ApplicationFilterChain.internalDoFilter(ApplicationFilterChain.java:227)
	at org.apache.catalina.core.ApplicationFilterChain.doFilter(ApplicationFilterChain.java:162)
	at org.apache.tomcat.websocket.server.WsFilter.doFilter(WsFilter.java:53)
	at org.apache.catalina.core.ApplicationFilterChain.internalDoFilter(ApplicationFilterChain.java:189)
	at org.apache.catalina.core.ApplicationFilterChain.doFilter(ApplicationFilterChain.java:162)
	at org.springframework.web.filter.RequestContextFilter.doFilterInternal(RequestContextFilter.java:100)
	at org.springframework.web.filter.OncePerRequestFilter.doFilter(OncePerRequestFilter.java:117)
	at org.apache.catalina.core.ApplicationFilterChain.internalDoFilter(ApplicationFilterChain.java:189)
	at org.apache.catalina.core.ApplicationFilterChain.doFilter(ApplicationFilterChain.java:162)
	at org.springframework.web.filter.FormContentFilter.doFilterInternal(FormContentFilter.java:93)
	at org.springframework.web.filter.OncePerRequestFilter.doFilter(OncePerRequestFilter.java:117)
	at org.apache.catalina.core.ApplicationFilterChain.internalDoFilter(ApplicationFilterChain.java:189)
	at org.apache.catalina.core.ApplicationFilterChain.doFilter(ApplicationFilterChain.java:162)
	at org.springframework.web.filter.CharacterEncodingFilter.doFilterInternal(CharacterEncodingFilter.java:201)
	at org.springframework.web.filter.OncePerRequestFilter.doFilter(OncePerRequestFilter.java:117)
	at org.apache.catalina.core.ApplicationFilterChain.internalDoFilter(ApplicationFilterChain.java:189)
	at org.apache.catalina.core.ApplicationFilterChain.doFilter(ApplicationFilterChain.java:162)
	at org.apache.catalina.core.StandardWrapperValve.invoke(StandardWrapperValve.java:197)
	at org.apache.catalina.core.StandardContextValve.invoke(StandardContextValve.java:97)
	at org.apache.catalina.authenticator.AuthenticatorBase.invoke(AuthenticatorBase.java:541)
	at org.apache.catalina.core.StandardHostValve.invoke(StandardHostValve.java:135)
	at org.apache.catalina.valves.ErrorReportValve.invoke(ErrorReportValve.java:92)
	at org.apache.catalina.core.StandardEngineValve.invoke(StandardEngineValve.java:78)
	at org.apache.catalina.connector.CoyoteAdapter.service(CoyoteAdapter.java:360)
	at org.apache.coyote.http11.Http11Processor.service(Http11Processor.java:399)
	at org.apache.coyote.AbstractProcessorLight.process(AbstractProcessorLight.java:65)
	at org.apache.coyote.AbstractProtocol$ConnectionHandler.process(AbstractProtocol.java:890)
	at org.apache.tomcat.util.net.NioEndpoint$SocketProcessor.doRun(NioEndpoint.java:1789)
	at org.apache.tomcat.util.net.SocketProcessorBase.run(SocketProcessorBase.java:49)
	at org.apache.tomcat.util.threads.ThreadPoolExecutor.runWorker(ThreadPoolExecutor.java:1191)
	at org.apache.tomcat.util.threads.ThreadPoolExecutor$Worker.run(ThreadPoolExecutor.java:659)
	at org.apache.tomcat.util.threads.TaskThread$WrappingRunnable.run(TaskThread.java:61)
	at java.base/java.lang.Thread.run(Thread.java:833)
[2022-08-10 17:53:02] - Counter : - 1
[2022-08-10 17:53:02] - Counter : - 2
[2022-08-10 17:53:02] - Counter : - 3
[2022-08-10 17:53:02] - Counter : - 4
[2022-08-10 17:53:02] - Counter : - 5
[2022-08-10 17:53:02] - Counter : - 6
[2022-08-10 17:53:02] - Counter : - 7
[2022-08-10 17:53:02] - Counter : - 8
[2022-08-10 17:53:02] - Counter : - 9
[2022-08-10 17:53:02] - Counter : - 10
[2022-08-10 17:53:02] - hi hello abc pqr xyz
[2022-08-10 17:53:02] - we have 5 problems
